[07-May-2020 15:01:59 America/New_York] PHP Warning:  require(/home/finaownx/quickipay.finalyearprojects.website/vendor/autoload.php): failed to open stream: No such file or directory in /home/finaownx/quickipay.finalyearprojects.website/artisan on line 18
[07-May-2020 15:01:59 America/New_York] PHP Fatal error:  require(): Failed opening required '/home/finaownx/quickipay.finalyearprojects.website/vendor/autoload.php' (include_path='.:/opt/alt/php72/usr/share/pear') in /home/finaownx/quickipay.finalyearprojects.website/artisan on line 18
[07-May-2020 15:02:03 America/New_York] PHP Warning:  require(/home/finaownx/quickipay.finalyearprojects.website/vendor/autoload.php): failed to open stream: No such file or directory in /home/finaownx/quickipay.finalyearprojects.website/artisan on line 18
[07-May-2020 15:02:03 America/New_York] PHP Fatal error:  require(): Failed opening required '/home/finaownx/quickipay.finalyearprojects.website/vendor/autoload.php' (include_path='.:/opt/alt/php72/usr/share/pear') in /home/finaownx/quickipay.finalyearprojects.website/artisan on line 18
[07-May-2020 15:02:08 America/New_York] PHP Warning:  require(/home/finaownx/quickipay.finalyearprojects.website/vendor/autoload.php): failed to open stream: No such file or directory in /home/finaownx/quickipay.finalyearprojects.website/artisan on line 18
[07-May-2020 15:02:08 America/New_York] PHP Fatal error:  require(): Failed opening required '/home/finaownx/quickipay.finalyearprojects.website/vendor/autoload.php' (include_path='.:/opt/alt/php72/usr/share/pear') in /home/finaownx/quickipay.finalyearprojects.website/artisan on line 18
[07-May-2020 15:02:12 America/New_York] PHP Warning:  require(/home/finaownx/quickipay.finalyearprojects.website/vendor/autoload.php): failed to open stream: No such file or directory in /home/finaownx/quickipay.finalyearprojects.website/artisan on line 18
[07-May-2020 15:02:12 America/New_York] PHP Fatal error:  require(): Failed opening required '/home/finaownx/quickipay.finalyearprojects.website/vendor/autoload.php' (include_path='.:/opt/alt/php72/usr/share/pear') in /home/finaownx/quickipay.finalyearprojects.website/artisan on line 18
[07-May-2020 15:02:37 America/New_York] PHP Warning:  require(/home/finaownx/quickipay.finalyearprojects.website/vendor/autoload.php): failed to open stream: No such file or directory in /home/finaownx/quickipay.finalyearprojects.website/artisan on line 18
[07-May-2020 15:02:37 America/New_York] PHP Fatal error:  require(): Failed opening required '/home/finaownx/quickipay.finalyearprojects.website/vendor/autoload.php' (include_path='.:/opt/alt/php72/usr/share/pear') in /home/finaownx/quickipay.finalyearprojects.website/artisan on line 18
[07-May-2020 15:02:46 America/New_York] PHP Warning:  require(/home/finaownx/quickipay.finalyearprojects.website/vendor/autoload.php): failed to open stream: No such file or directory in /home/finaownx/quickipay.finalyearprojects.website/artisan on line 18
[07-May-2020 15:02:46 America/New_York] PHP Fatal error:  require(): Failed opening required '/home/finaownx/quickipay.finalyearprojects.website/vendor/autoload.php' (include_path='.:/opt/alt/php72/usr/share/pear') in /home/finaownx/quickipay.finalyearprojects.website/artisan on line 18
[13-Jul-2020 10:13:07 UTC] PHP Fatal error:  Interface 'JsonSerializable' not found in /home/finaownx/quickipay.finalyearprojects.website/vendor/laravel/framework/src/Illuminate/Support/Enumerable.php on line 11
[13-Jul-2020 10:13:26 UTC] PHP Fatal error:  Interface 'JsonSerializable' not found in /home/finaownx/quickipay.finalyearprojects.website/vendor/laravel/framework/src/Illuminate/Support/Enumerable.php on line 11
[30-Dec-2020 10:00:28 UTC] PHP Warning:  Uncaught ErrorException: require_once(/home/quickipay/public_html/dev//database/migrations/2020_07_08_063310_create_bacs_transactions_deleted_orders_table.php.php): failed to open stream: No such file or directory in /home/quickipay/public_html/dev/vendor/laravel/framework/src/Illuminate/Filesystem/Filesystem.php:111
Stack trace:
#0 /home/quickipay/public_html/dev/vendor/laravel/framework/src/Illuminate/Filesystem/Filesystem.php(111): Illuminate\Foundation\Bootstrap\HandleExceptions->handleError(2, 'require_once(/h...', '/home/quickipay...', 111, Array)
#1 /home/quickipay/public_html/dev/vendor/laravel/framework/src/Illuminate/Filesystem/Filesystem.php(111): require_once()
#2 /home/quickipay/public_html/dev/vendor/laravel/framework/src/Illuminate/Database/Migrations/Migrator.php(482): Illuminate\Filesystem\Filesystem->requireOnce('/home/quickipay...')
#3 /home/quickipay/public_html/dev/vendor/laravel/framework/src/Illuminate/Database/Migrations/Migrator.php(104): Illuminate\Database\Migrations\Migrator->requi in /home/quickipay/public_html/dev/vendor/laravel/framework/src/Illuminate/Filesystem/Filesystem.php on line 111
[30-Dec-2020 10:00:28 UTC] PHP Fatal error:  Illuminate\Filesystem\Filesystem::requireOnce(): Failed opening required '/home/quickipay/public_html/dev//database/migrations/2020_07_08_063310_create_bacs_transactions_deleted_orders_table.php.php' (include_path='.:/opt/cpanel/ea-php72/root/usr/share/pear') in /home/quickipay/public_html/dev/vendor/laravel/framework/src/Illuminate/Filesystem/Filesystem.php on line 111
[02-Jan-2021 12:54:03 UTC] PHP Warning:  Uncaught ErrorException: require_once(/home/quickipay/public_html/dev//database/migrations/2020_07_03_040234_create_reports_table.php): failed to open stream: No such file or directory in /home/quickipay/public_html/dev/vendor/laravel/framework/src/Illuminate/Filesystem/Filesystem.php:111
Stack trace:
#0 /home/quickipay/public_html/dev/vendor/laravel/framework/src/Illuminate/Filesystem/Filesystem.php(111): Illuminate\Foundation\Bootstrap\HandleExceptions->handleError(2, 'require_once(/h...', '/home/quickipay...', 111, Array)
#1 /home/quickipay/public_html/dev/vendor/laravel/framework/src/Illuminate/Filesystem/Filesystem.php(111): require_once()
#2 /home/quickipay/public_html/dev/vendor/laravel/framework/src/Illuminate/Database/Migrations/Migrator.php(482): Illuminate\Filesystem\Filesystem->requireOnce('/home/quickipay...')
#3 /home/quickipay/public_html/dev/vendor/laravel/framework/src/Illuminate/Database/Migrations/Migrator.php(104): Illuminate\Database\Migrations\Migrator->requireFiles(Array)
#4 /home/quick in /home/quickipay/public_html/dev/vendor/laravel/framework/src/Illuminate/Filesystem/Filesystem.php on line 111
[02-Jan-2021 12:54:03 UTC] PHP Fatal error:  Illuminate\Filesystem\Filesystem::requireOnce(): Failed opening required '/home/quickipay/public_html/dev//database/migrations/2020_07_03_040234_create_reports_table.php' (include_path='.:/opt/cpanel/ea-php72/root/usr/share/pear') in /home/quickipay/public_html/dev/vendor/laravel/framework/src/Illuminate/Filesystem/Filesystem.php on line 111
[02-Jan-2021 12:54:55 UTC] PHP Fatal error:  Cannot declare class CreatePaymentsTable, because the name is already in use in /home/quickipay/public_html/dev/database/migrations/2020_12_14_062842_create_fiat_rate_table.php on line 35
[02-Jan-2021 12:55:26 UTC] PHP Fatal error:  Cannot declare class CreatePaymentsTable, because the name is already in use in /home/quickipay/public_html/dev/database/migrations/2020_12_14_062842_create_fiat_rate_table.php on line 35
[02-Jan-2021 12:56:30 UTC] PHP Fatal error:  Cannot declare class CreatePaymentsTable, because the name is already in use in /home/quickipay/public_html/dev/database/migrations/2020_12_14_062842_create_fiat_rate_table.php on line 35
[07-Jan-2021 12:57:51 UTC] PHP Fatal error:  Allowed memory size of 1610612736 bytes exhausted (tried to allocate 4096 bytes) in phar:///opt/cpanel/composer/bin/composer/src/Composer/DependencyResolver/RuleWatchGraph.php on line 52
[19-Jan-2021 06:04:27 UTC] PHP Parse error:  syntax error, unexpected '->' (T_OBJECT_OPERATOR), expecting identifier (T_STRING) or variable (T_VARIABLE) or '{' or '$' in /home/quickipay/public_html/dev/app/Console/Kernel.php on line 364
[19-Jan-2021 06:05:36 UTC] PHP Parse error:  syntax error, unexpected '->' (T_OBJECT_OPERATOR), expecting identifier (T_STRING) or variable (T_VARIABLE) or '{' or '$' in /home/quickipay/public_html/dev/app/Console/Kernel.php on line 364
[19-Jan-2021 06:06:10 UTC] PHP Parse error:  syntax error, unexpected '->' (T_OBJECT_OPERATOR), expecting identifier (T_STRING) or variable (T_VARIABLE) or '{' or '$' in /home/quickipay/public_html/dev/app/Console/Kernel.php on line 364
[19-Jan-2021 06:06:14 UTC] PHP Parse error:  syntax error, unexpected '->' (T_OBJECT_OPERATOR), expecting identifier (T_STRING) or variable (T_VARIABLE) or '{' or '$' in /home/quickipay/public_html/dev/app/Console/Kernel.php on line 364
[24-Feb-2021 06:08:17 UTC] PHP Warning:  Uncaught ErrorException: require_once(/home/quickipay/public_html/dev//database/migratios/2021_02_24_060540_create_mercahnts_withdrawal_address.php): failed to open stream: No such file or directory in /home/quickipay/public_html/dev/vendor/laravel/framework/src/Illuminate/Filesystem/Filesystem.php:111
Stack trace:
#0 /home/quickipay/public_html/dev/vendor/laravel/framework/src/Illuminate/Filesystem/Filesystem.php(111): Illuminate\Foundation\Bootstrap\HandleExceptions->handleError(2, 'require_once(/h...', '/home/quickipay...', 111, Array)
#1 /home/quickipay/public_html/dev/vendor/laravel/framework/src/Illuminate/Filesystem/Filesystem.php(111): require_once()
#2 /home/quickipay/public_html/dev/vendor/laravel/framework/src/Illuminate/Database/Migrations/Migrator.php(482): Illuminate\Filesystem\Filesystem->requireOnce('/home/quickipay...')
#3 /home/quickipay/public_html/dev/vendor/laravel/framework/src/Illuminate/Database/Migrations/Migrator.php(104): Illuminate\Database\Migrations\Migrator->requireFiles(Array)
 in /home/quickipay/public_html/dev/vendor/laravel/framework/src/Illuminate/Filesystem/Filesystem.php on line 111
[24-Feb-2021 06:08:17 UTC] PHP Fatal error:  Illuminate\Filesystem\Filesystem::requireOnce(): Failed opening required '/home/quickipay/public_html/dev//database/migratios/2021_02_24_060540_create_mercahnts_withdrawal_address.php' (include_path='.:/opt/cpanel/ea-php72/root/usr/share/pear') in /home/quickipay/public_html/dev/vendor/laravel/framework/src/Illuminate/Filesystem/Filesystem.php on line 111
[24-Feb-2021 06:09:03 UTC] PHP Warning:  Uncaught ErrorException: require_once(/home/quickipay/public_html/dev//database/migratios/2021_02_24_060540_create_mercahnts_withdrawal_address.php): failed to open stream: No such file or directory in /home/quickipay/public_html/dev/vendor/laravel/framework/src/Illuminate/Filesystem/Filesystem.php:111
Stack trace:
#0 /home/quickipay/public_html/dev/vendor/laravel/framework/src/Illuminate/Filesystem/Filesystem.php(111): Illuminate\Foundation\Bootstrap\HandleExceptions->handleError(2, 'require_once(/h...', '/home/quickipay...', 111, Array)
#1 /home/quickipay/public_html/dev/vendor/laravel/framework/src/Illuminate/Filesystem/Filesystem.php(111): require_once()
#2 /home/quickipay/public_html/dev/vendor/laravel/framework/src/Illuminate/Database/Migrations/Migrator.php(482): Illuminate\Filesystem\Filesystem->requireOnce('/home/quickipay...')
#3 /home/quickipay/public_html/dev/vendor/laravel/framework/src/Illuminate/Database/Migrations/Migrator.php(104): Illuminate\Database\Migrations\Migrator->requireFiles(Array)
 in /home/quickipay/public_html/dev/vendor/laravel/framework/src/Illuminate/Filesystem/Filesystem.php on line 111
[24-Feb-2021 06:09:03 UTC] PHP Fatal error:  Illuminate\Filesystem\Filesystem::requireOnce(): Failed opening required '/home/quickipay/public_html/dev//database/migratios/2021_02_24_060540_create_mercahnts_withdrawal_address.php' (include_path='.:/opt/cpanel/ea-php72/root/usr/share/pear') in /home/quickipay/public_html/dev/vendor/laravel/framework/src/Illuminate/Filesystem/Filesystem.php on line 111
